# JRE version: Java(TM) SE Runtime Environment (8.0_101-b13) (build 1.8.0_101-b13)
# Java VM: Java HotSpot(TM) 64-Bit Server VM (25.101-b13 mixed mode windows-amd64 compressed oops)
Heap:
 PSYoungGen      total 360960K, used 338876K [0x00000000e0000000, 0x00000000fb180000, 0x0000000100000000)
  eden space 348160K, 93% used [0x00000000e0000000,0x00000000f3ea0998,0x00000000f5400000)
  from space 12800K, 98% used [0x00000000f7400000,0x00000000f804e7e0,0x00000000f8080000)
  to   space 36352K, 0% used [0x00000000f8e00000,0x00000000f8e00000,0x00000000fb180000)
 ParOldGen       total 123904K, used 90994K [0x00000000a0000000, 0x00000000a7900000, 0x00000000e0000000)
  object space 123904K, 73% used [0x00000000a0000000,0x00000000a58dcb00,0x00000000a7900000)
 Metaspace       used 87869K, capacity 95995K, committed 96152K, reserved 1132544K
  class space    used 11403K, capacity 13175K, committed 13232K, reserved 1048576K
GC Heap History (10 events):
Event: 6770.470 GC heap before
{Heap before GC invocations=22 (full 3):
 PSYoungGen      total 421376K, used 421360K [0x00000000e0000000, 0x0000000100000000, 0x0000000100000000)
  eden space 415232K, 100% used [0x00000000e0000000,0x00000000f9580000,0x00000000f9580000)
  from space 6144K, 99% used [0x00000000fc100000,0x00000000fc6fc098,0x00000000fc700000)
  to   space 44544K, 0% used [0x00000000f9580000,0x00000000f9580000,0x00000000fc100000)
 ParOldGen       total 123904K, used 89518K [0x00000000a0000000, 0x00000000a7900000, 0x00000000e0000000)
  object space 123904K, 72% used [0x00000000a0000000,0x00000000a576b828,0x00000000a7900000)
 Metaspace       used 84347K, capacity 90087K, committed 90392K, reserved 1128448K
  class space    used 10953K, capacity 12217K, committed 12336K, reserved 1048576K
Event: 6770.585 GC heap after
Heap after GC invocations=22 (full 3):
 PSYoungGen      total 459776K, used 13032K [0x00000000e0000000, 0x0000000100000000, 0x0000000100000000)
  eden space 415232K, 0% used [0x00000000e0000000,0x00000000e0000000,0x00000000f9580000)
  from space 44544K, 29% used [0x00000000f9580000,0x00000000fa23a370,0x00000000fc100000)
  to   space 42496K, 0% used [0x00000000fd680000,0x00000000fd680000,0x0000000100000000)
 ParOldGen       total 123904K, used 90686K [0x00000000a0000000, 0x00000000a7900000, 0x00000000e0000000)
  object space 123904K, 73% used [0x00000000a0000000,0x00000000a588fab0,0x00000000a7900000)
 Metaspace       used 84347K, capacity 90087K, committed 90392K, reserved 1128448K
  class space    used 10953K, capacity 12217K, committed 12336K, reserved 1048576K
}
Event: 8442.095 GC heap before
{Heap before GC invocations=23 (full 3):
 PSYoungGen      total 459776K, used 428264K [0x00000000e0000000, 0x0000000100000000, 0x0000000100000000)
  eden space 415232K, 100% used [0x00000000e0000000,0x00000000f9580000,0x00000000f9580000)
  from space 44544K, 29% used [0x00000000f9580000,0x00000000fa23a370,0x00000000fc100000)
  to   space 42496K, 0% used [0x00000000fd680000,0x00000000fd680000,0x0000000100000000)
 ParOldGen       total 123904K, used 90686K [0x00000000a0000000, 0x00000000a7900000, 0x00000000e0000000)
  object space 123904K, 73% used [0x00000000a0000000,0x00000000a588fab0,0x00000000a7900000)
 Metaspace       used 85566K, capacity 91763K, committed 91928K, reserved 1128448K
  class space    used 11078K, capacity 12513K, committed 12592K, reserved 1048576K
Event: 8442.193 GC heap after
Heap after GC invocations=23 (full 3):
 PSYoungGen      total 411136K, used 13674K [0x00000000e0000000, 0x00000000fe400000, 0x0000000100000000)
  eden space 397312K, 0% used [0x00000000e0000000,0x00000000e0000000,0x00000000f8400000)
  from space 13824K, 98% used [0x00000000fd680000,0x00000000fe3da8d8,0x00000000fe400000)
  to   space 40960K, 0% used [0x00000000f9400000,0x00000000f9400000,0x00000000fbc00000)
 ParOldGen       total 123904K, used 90970K [0x00000000a0000000, 0x00000000a7900000, 0x00000000e0000000)
  object space 123904K, 73% used [0x00000000a0000000,0x00000000a58d6b00,0x00000000a7900000)
 Metaspace       used 85566K, capacity 91763K, committed 91928K, reserved 1128448K
  class space    used 11078K, capacity 12513K, committed 12592K, reserved 1048576K
}
Event: 9571.748 GC heap before
{Heap before GC invocations=24 (full 3):
 PSYoungGen      total 411136K, used 410986K [0x00000000e0000000, 0x00000000fe400000, 0x0000000100000000)
  eden space 397312K, 100% used [0x00000000e0000000,0x00000000f8400000,0x00000000f8400000)
  from space 13824K, 98% used [0x00000000fd680000,0x00000000fe3da8d8,0x00000000fe400000)
  to   space 40960K, 0% used [0x00000000f9400000,0x00000000f9400000,0x00000000fbc00000)
 ParOldGen       total 123904K, used 90970K [0x00000000a0000000, 0x00000000a7900000, 0x00000000e0000000)
  object space 123904K, 73% used [0x00000000a0000000,0x00000000a58d6b00,0x00000000a7900000)
 Metaspace       used 86340K, capacity 93165K, committed 93336K, reserved 1130496K
  class space    used 11187K, capacity 12720K, committed 12720K, reserved 1048576K
Event: 9571.832 GC heap after
Heap after GC invocations=24 (full 3):
 PSYoungGen      total 395264K, used 15174K [0x00000000e0000000, 0x00000000fd700000, 0x0000000100000000)
  eden space 379904K, 0% used [0x00000000e0000000,0x00000000e0000000,0x00000000f7300000)
  from space 15360K, 98% used [0x00000000f9400000,0x00000000fa2d1a38,0x00000000fa300000)
  to   space 38912K, 0% used [0x00000000fb100000,0x00000000fb100000,0x00000000fd700000)
 ParOldGen       total 123904K, used 90978K [0x00000000a0000000, 0x00000000a7900000, 0x00000000e0000000)
  object space 123904K, 73% used [0x00000000a0000000,0x00000000a58d8b00,0x00000000a7900000)
 Metaspace       used 86340K, capacity 93165K, committed 93336K, reserved 1130496K
  class space    used 11187K, capacity 12720K, committed 12720K, reserved 1048576K
}
Event: 9729.437 GC heap before
{Heap before GC invocations=25 (full 3):
 PSYoungGen      total 395264K, used 395078K [0x00000000e0000000, 0x00000000fd700000, 0x0000000100000000)
  eden space 379904K, 100% used [0x00000000e0000000,0x00000000f7300000,0x00000000f7300000)
  from space 15360K, 98% used [0x00000000f9400000,0x00000000fa2d1a38,0x00000000fa300000)
  to   space 38912K, 0% used [0x00000000fb100000,0x00000000fb100000,0x00000000fd700000)
 ParOldGen       total 123904K, used 90978K [0x00000000a0000000, 0x00000000a7900000, 0x00000000e0000000)
  object space 123904K, 73% used [0x00000000a0000000,0x00000000a58d8b00,0x00000000a7900000)
 Metaspace       used 86975K, capacity 94517K, committed 94616K, reserved 1130496K
  class space    used 11290K, capacity 12944K, committed 12976K, reserved 1048576K
Event: 9729.580 GC heap after
Heap after GC invocations=25 (full 3):
 PSYoungGen      total 376832K, used 13263K [0x00000000e0000000, 0x00000000fbe00000, 0x0000000100000000)
  eden space 363520K, 0% used [0x00000000e0000000,0x00000000e0000000,0x00000000f6300000)
  from space 13312K, 99% used [0x00000000fb100000,0x00000000fbdf3ee0,0x00000000fbe00000)
  to   space 37888K, 0% used [0x00000000f7400000,0x00000000f7400000,0x00000000f9900000)
 ParOldGen       total 123904K, used 90986K [0x00000000a0000000, 0x00000000a7900000, 0x00000000e0000000)
  object space 123904K, 73% used [0x00000000a0000000,0x00000000a58dab00,0x00000000a7900000)
 Metaspace       used 86975K, capacity 94517K, committed 94616K, reserved 1130496K
  class space    used 11290K, capacity 12944K, committed 12976K, reserved 1048576K
}
Event: 16284.775 GC heap before
{Heap before GC invocations=26 (full 3):
 PSYoungGen      total 376832K, used 376783K [0x00000000e0000000, 0x00000000fbe00000, 0x0000000100000000)
  eden space 363520K, 100% used [0x00000000e0000000,0x00000000f6300000,0x00000000f6300000)
  from space 13312K, 99% used [0x00000000fb100000,0x00000000fbdf3ee0,0x00000000fbe00000)
  to   space 37888K, 0% used [0x00000000f7400000,0x00000000f7400000,0x00000000f9900000)
 ParOldGen       total 123904K, used 90986K [0x00000000a0000000, 0x00000000a7900000, 0x00000000e0000000)
  object space 123904K, 73% used [0x00000000a0000000,0x00000000a58dab00,0x00000000a7900000)
 Metaspace       used 87640K, capacity 95747K, committed 95896K, reserved 1132544K
  class space    used 11389K, capacity 13135K, committed 13232K, reserved 1048576K
Event: 16286.348 GC heap after
Heap after GC invocations=26 (full 3):
 PSYoungGen      total 360960K, used 12601K [0x00000000e0000000, 0x00000000fb180000, 0x0000000100000000)
  eden space 348160K, 0% used [0x00000000e0000000,0x00000000e0000000,0x00000000f5400000)
  from space 12800K, 98% used [0x00000000f7400000,0x00000000f804e7e0,0x00000000f8080000)
  to   space 36352K, 0% used [0x00000000f8e00000,0x00000000f8e00000,0x00000000fb180000)
 ParOldGen       total 123904K, used 90994K [0x00000000a0000000, 0x00000000a7900000, 0x00000000e0000000)
  object space 123904K, 73% used [0x00000000a0000000,0x00000000a58dcb00,0x00000000a7900000)
 Metaspace       used 87640K, capacity 95747K, committed 95896K, reserved 1132544K
  class space    used 11389K, capacity 13135K, committed 13232K, reserved 1048576K
}

